2024-08-04T21:58:22.450+05:30  INFO 9680 --- [Prod_ready_features] [main] .v.p.P.ProdReadyFeaturesApplicationTests : Starting ProdReadyFeaturesApplicationTests using Java 22.0.1 with PID 9680 (started by Strelizia in D:\SpringBoot\Week4-Production_Ready-Features\Prod_ready_features)
2024-08-04T21:58:22.452+05:30  INFO 9680 --- [Prod_ready_features] [main] .v.p.P.ProdReadyFeaturesApplicationTests : No active profile set, falling back to 1 default profile: "default"
2024-08-04T21:58:23.866+05:30  INFO 9680 --- [Prod_ready_features] [main] .s.d.r.c.RepositoryConfigurationDelegate : Bootstrapping Spring Data JPA repositories in DEFAULT mode.
2024-08-04T21:58:23.990+05:30  INFO 9680 --- [Prod_ready_features] [main] .s.d.r.c.RepositoryConfigurationDelegate : Finished Spring Data repository scanning in 111 ms. Found 1 JPA repository interface.
2024-08-04T21:58:25.179+05:30  INFO 9680 --- [Prod_ready_features] [main] o.hibernate.jpa.internal.util.LogHelper  : HHH000204: Processing PersistenceUnitInfo [name: default]
2024-08-04T21:58:25.318+05:30  INFO 9680 --- [Prod_ready_features] [main] org.hibernate.Version                    : HHH000412: Hibernate ORM core version 6.5.2.Final
2024-08-04T21:58:25.399+05:30  INFO 9680 --- [Prod_ready_features] [main] o.h.c.internal.RegionFactoryInitiator    : HHH000026: Second-level cache disabled
2024-08-04T21:58:25.678+05:30  INFO 9680 --- [Prod_ready_features] [main] o.h.e.boot.internal.EnversServiceImpl    : Envers integration enabled? : true
2024-08-04T21:58:26.157+05:30  INFO 9680 --- [Prod_ready_features] [main] o.s.o.j.p.SpringPersistenceUnitInfo      : No LoadTimeWeaver setup: ignoring JPA class transformer
2024-08-04T21:58:26.213+05:30  INFO 9680 --- [Prod_ready_features] [main] com.zaxxer.hikari.HikariDataSource       : HikariPool-1 - Starting...
2024-08-04T21:58:26.538+05:30  INFO 9680 --- [Prod_ready_features] [main] com.zaxxer.hikari.pool.HikariPool        : HikariPool-1 - Added connection com.mysql.cj.jdbc.ConnectionImpl@28f05b0c
2024-08-04T21:58:26.541+05:30  INFO 9680 --- [Prod_ready_features] [main] com.zaxxer.hikari.HikariDataSource       : HikariPool-1 - Start completed.
2024-08-04T21:58:27.054+05:30  INFO 9680 --- [Prod_ready_features] [main] o.h.e.c.i.m.AuditMetadataGenerator       : Adding properties for entity: com.vestaChrono.prod_ready_features.Prod_ready_features.entities.PostEntity
2024-08-04T21:58:28.040+05:30 ERROR 9680 --- [Prod_ready_features] [main] o.h.metamodel.internal.MetadataContext   : HHH015007: Illegal argument on static metamodel field injection : org.hibernate.envers.DefaultRevisionEntity_#class_; expected type :  org.hibernate.metamodel.model.domain.internal.EntityTypeImpl; encountered type : jakarta.persistence.metamodel.MappedSuperclassType
2024-08-04T21:58:28.049+05:30  INFO 9680 --- [Prod_ready_features] [main] o.h.e.t.j.p.i.JtaPlatformInitiator       : HHH000489: No JTA platform available (set 'hibernate.transaction.jta.platform' to enable JTA platform integration)
2024-08-04T21:58:28.320+05:30  INFO 9680 --- [Prod_ready_features] [main] j.LocalContainerEntityManagerFactoryBean : Initialized JPA EntityManagerFactory for persistence unit 'default'
2024-08-04T21:58:29.376+05:30  WARN 9680 --- [Prod_ready_features] [main] JpaBaseConfiguration$JpaWebConfiguration : spring.jpa.open-in-view is enabled by default. Therefore, database queries may be performed during view rendering. Explicitly configure spring.jpa.open-in-view to disable this warning
2024-08-04T21:58:30.089+05:30  INFO 9680 --- [Prod_ready_features] [main] .v.p.P.ProdReadyFeaturesApplicationTests : Started ProdReadyFeaturesApplicationTests in 8.493 seconds (process running for 10.484)
2024-08-04T21:58:30.970+05:30 TRACE 9680 --- [Prod_ready_features] [main] c.v.p.P.c.i.EmployeeClientImpl           : Creating new Employee from createNewEmployee with details EmployeeDTO(id=null, name=Manoj, email=manoj@gmail.com, age=20, role=USER, salary=5000.0, dateOfJoining=2020-12-01, isActive=true)
2024-08-04T21:58:31.256+05:30 TRACE 9680 --- [Prod_ready_features] [main] c.v.p.P.c.i.EmployeeClientImpl           : Successfully created a new Employee: ApiResponse(timeStamp=2024-08-04T21:58:31.183743200, data=EmployeeDTO(id=160, name=Manoj, email=manoj@gmail.com, age=20, role=USER, salary=5000.0, dateOfJoining=2020-12-01, isActive=true), error=null)
2024-08-04T21:58:31.286+05:30 TRACE 9680 --- [Prod_ready_features] [main] c.v.p.P.c.i.EmployeeClientImpl           : Trying to retrieve Employee by Id in getEmployeeById with Id: 1
2024-08-04T21:58:31.310+05:30 TRACE 9680 --- [Prod_ready_features] [main] c.v.p.P.c.i.EmployeeClientImpl           : Trying to retrieve all employee data from getAllEmployees
2024-08-04T21:58:31.311+05:30  INFO 9680 --- [Prod_ready_features] [main] c.v.p.P.c.i.EmployeeClientImpl           : Attempting to call the restClient Method in getAllEmployees
2024-08-04T21:58:31.357+05:30 DEBUG 9680 --- [Prod_ready_features] [main] c.v.p.P.c.i.EmployeeClientImpl           : Successfully retrieved All employees from getAllEmployees
2024-08-04T21:58:31.358+05:30 TRACE 9680 --- [Prod_ready_features] [main] c.v.p.P.c.i.EmployeeClientImpl           : Retrieved employees List in getAllEmployees: [EmployeeDTO(id=1, name=Karthik, email=shivam@gmail.com, age=30, role=ADMIN, salary=10000.8, dateOfJoining=2024-01-04, isActive=true), EmployeeDTO(id=2, name=Manoj, email=manoj@gmail.com, age=20, role=USER, salary=10000.8, dateOfJoining=2024-01-04, isActive=true), EmployeeDTO(id=3, name=Sandy, email=sandy@gmail.com, age=20, role=USER, salary=10000.8, dateOfJoining=2024-01-04, isActive=true), EmployeeDTO(id=52, name=Manoj, email=manoj@gmail.com, age=20, role=ADMIN, salary=10000.8, dateOfJoining=2024-01-04, isActive=true), EmployeeDTO(id=102, name=Keerthi, email=shivam@gmail.com, age=30, role=ADMIN, salary=10000.8, dateOfJoining=2024-01-04, isActive=true), EmployeeDTO(id=152, name=Manoj, email=manoj@gmail.com, age=20, role=USER, salary=5000.0, dateOfJoining=2020-12-01, isActive=true), EmployeeDTO(id=153, name=Manoj, email=manoj@gmail.com, age=20, role=USER, salary=5000.0, dateOfJoining=2020-12-01, isActive=true), EmployeeDTO(id=154, name=Manoj, email=manoj@gmail.com, age=20, role=USER, salary=5000.0, dateOfJoining=2020-12-01, isActive=true), EmployeeDTO(id=155, name=Manoj, email=manoj@gmail.com, age=20, role=USER, salary=5000.0, dateOfJoining=2020-12-01, isActive=true), EmployeeDTO(id=156, name=Manoj, email=manoj@gmail.com, age=20, role=USER, salary=5000.0, dateOfJoining=2020-12-01, isActive=true), EmployeeDTO(id=157, name=Manoj, email=manoj@gmail.com, age=20, role=USER, salary=5000.0, dateOfJoining=2020-12-01, isActive=true), EmployeeDTO(id=158, name=Manoj, email=manoj@gmail.com, age=20, role=USER, salary=5000.0, dateOfJoining=2020-12-01, isActive=true), EmployeeDTO(id=159, name=Manoj, email=manoj@gmail.com, age=20, role=USER, salary=5000.0, dateOfJoining=2020-12-01, isActive=true), EmployeeDTO(id=160, name=Manoj, email=manoj@gmail.com, age=20, role=USER, salary=5000.0, dateOfJoining=2020-12-01, isActive=true)]
2024-08-04T21:58:31.384+05:30  INFO 9680 --- [Prod_ready_features] [SpringApplicationShutdownHook] j.LocalContainerEntityManagerFactoryBean : Closing JPA EntityManagerFactory for persistence unit 'default'
2024-08-04T21:58:31.388+05:30  INFO 9680 --- [Prod_ready_features] [SpringApplicationShutdownHook] com.zaxxer.hikari.HikariDataSource       : HikariPool-1 - Shutdown initiated...
2024-08-04T21:58:31.402+05:30  INFO 9680 --- [Prod_ready_features] [SpringApplicationShutdownHook] com.zaxxer.hikari.HikariDataSource       : HikariPool-1 - Shutdown completed.
2024-08-04T21:59:04.180+05:30  INFO 1800 --- [Prod_ready_features] [main] .v.p.P.ProdReadyFeaturesApplicationTests : Starting ProdReadyFeaturesApplicationTests using Java 22.0.1 with PID 1800 (started by Strelizia in D:\SpringBoot\Week4-Production_Ready-Features\Prod_ready_features)
2024-08-04T21:59:04.183+05:30  INFO 1800 --- [Prod_ready_features] [main] .v.p.P.ProdReadyFeaturesApplicationTests : No active profile set, falling back to 1 default profile: "default"
2024-08-04T21:59:05.804+05:30  INFO 1800 --- [Prod_ready_features] [main] .s.d.r.c.RepositoryConfigurationDelegate : Bootstrapping Spring Data JPA repositories in DEFAULT mode.
2024-08-04T21:59:05.932+05:30  INFO 1800 --- [Prod_ready_features] [main] .s.d.r.c.RepositoryConfigurationDelegate : Finished Spring Data repository scanning in 108 ms. Found 1 JPA repository interface.
2024-08-04T21:59:07.016+05:30  INFO 1800 --- [Prod_ready_features] [main] o.hibernate.jpa.internal.util.LogHelper  : HHH000204: Processing PersistenceUnitInfo [name: default]
2024-08-04T21:59:07.164+05:30  INFO 1800 --- [Prod_ready_features] [main] org.hibernate.Version                    : HHH000412: Hibernate ORM core version 6.5.2.Final
2024-08-04T21:59:07.247+05:30  INFO 1800 --- [Prod_ready_features] [main] o.h.c.internal.RegionFactoryInitiator    : HHH000026: Second-level cache disabled
2024-08-04T21:59:07.525+05:30  INFO 1800 --- [Prod_ready_features] [main] o.h.e.boot.internal.EnversServiceImpl    : Envers integration enabled? : true
2024-08-04T21:59:07.932+05:30  INFO 1800 --- [Prod_ready_features] [main] o.s.o.j.p.SpringPersistenceUnitInfo      : No LoadTimeWeaver setup: ignoring JPA class transformer
2024-08-04T21:59:07.986+05:30  INFO 1800 --- [Prod_ready_features] [main] com.zaxxer.hikari.HikariDataSource       : HikariPool-1 - Starting...
2024-08-04T21:59:08.282+05:30  INFO 1800 --- [Prod_ready_features] [main] com.zaxxer.hikari.pool.HikariPool        : HikariPool-1 - Added connection com.mysql.cj.jdbc.ConnectionImpl@166e5a6d
2024-08-04T21:59:08.284+05:30  INFO 1800 --- [Prod_ready_features] [main] com.zaxxer.hikari.HikariDataSource       : HikariPool-1 - Start completed.
2024-08-04T21:59:08.748+05:30  INFO 1800 --- [Prod_ready_features] [main] o.h.e.c.i.m.AuditMetadataGenerator       : Adding properties for entity: com.vestaChrono.prod_ready_features.Prod_ready_features.entities.PostEntity
2024-08-04T21:59:09.841+05:30 ERROR 1800 --- [Prod_ready_features] [main] o.h.metamodel.internal.MetadataContext   : HHH015007: Illegal argument on static metamodel field injection : org.hibernate.envers.DefaultRevisionEntity_#class_; expected type :  org.hibernate.metamodel.model.domain.internal.EntityTypeImpl; encountered type : jakarta.persistence.metamodel.MappedSuperclassType
2024-08-04T21:59:09.850+05:30  INFO 1800 --- [Prod_ready_features] [main] o.h.e.t.j.p.i.JtaPlatformInitiator       : HHH000489: No JTA platform available (set 'hibernate.transaction.jta.platform' to enable JTA platform integration)
2024-08-04T21:59:10.090+05:30  INFO 1800 --- [Prod_ready_features] [main] j.LocalContainerEntityManagerFactoryBean : Initialized JPA EntityManagerFactory for persistence unit 'default'
2024-08-04T21:59:11.200+05:30  WARN 1800 --- [Prod_ready_features] [main] JpaBaseConfiguration$JpaWebConfiguration : spring.jpa.open-in-view is enabled by default. Therefore, database queries may be performed during view rendering. Explicitly configure spring.jpa.open-in-view to disable this warning
2024-08-04T21:59:11.979+05:30  INFO 1800 --- [Prod_ready_features] [main] .v.p.P.ProdReadyFeaturesApplicationTests : Started ProdReadyFeaturesApplicationTests in 8.804 seconds (process running for 10.986)
2024-08-04T21:59:12.991+05:30 TRACE 1800 --- [Prod_ready_features] [main] c.v.p.P.c.i.EmployeeClientImpl           : Creating new Employee from createNewEmployee with details EmployeeDTO(id=null, name=Manoj, email=manoj@gmail.com, age=20, role=USER, salary=5000.0, dateOfJoining=2020-12-01, isActive=true)
2024-08-04T21:59:13.294+05:30 TRACE 1800 --- [Prod_ready_features] [main] c.v.p.P.c.i.EmployeeClientImpl           : Successfully created a new Employee: ApiResponse(timeStamp=2024-08-04T21:59:13.216495100, data=EmployeeDTO(id=161, name=Manoj, email=manoj@gmail.com, age=20, role=USER, salary=5000.0, dateOfJoining=2020-12-01, isActive=true), error=null)
2024-08-04T21:59:13.328+05:30 TRACE 1800 --- [Prod_ready_features] [main] c.v.p.P.c.i.EmployeeClientImpl           : Trying to retrieve Employee by Id in getEmployeeById with Id: 1
2024-08-04T21:59:13.354+05:30 TRACE 1800 --- [Prod_ready_features] [main] c.v.p.P.c.i.EmployeeClientImpl           : Trying to retrieve all employee data from getAllEmployees
2024-08-04T21:59:13.355+05:30  INFO 1800 --- [Prod_ready_features] [main] c.v.p.P.c.i.EmployeeClientImpl           : Attempting to call the restClient Method in getAllEmployees
2024-08-04T21:59:13.388+05:30 DEBUG 1800 --- [Prod_ready_features] [main] c.v.p.P.c.i.EmployeeClientImpl           : Successfully retrieved All employees from getAllEmployees
2024-08-04T21:59:13.389+05:30 TRACE 1800 --- [Prod_ready_features] [main] c.v.p.P.c.i.EmployeeClientImpl           : Retrieved employees List in getAllEmployees: [EmployeeDTO(id=1, name=Karthik, email=shivam@gmail.com, age=30, role=ADMIN, salary=10000.8, dateOfJoining=2024-01-04, isActive=true), EmployeeDTO(id=2, name=Manoj, email=manoj@gmail.com, age=20, role=USER, salary=10000.8, dateOfJoining=2024-01-04, isActive=true), EmployeeDTO(id=3, name=Sandy, email=sandy@gmail.com, age=20, role=USER, salary=10000.8, dateOfJoining=2024-01-04, isActive=true), EmployeeDTO(id=52, name=Manoj, email=manoj@gmail.com, age=20, role=ADMIN, salary=10000.8, dateOfJoining=2024-01-04, isActive=true), EmployeeDTO(id=102, name=Keerthi, email=shivam@gmail.com, age=30, role=ADMIN, salary=10000.8, dateOfJoining=2024-01-04, isActive=true), EmployeeDTO(id=152, name=Manoj, email=manoj@gmail.com, age=20, role=USER, salary=5000.0, dateOfJoining=2020-12-01, isActive=true), EmployeeDTO(id=153, name=Manoj, email=manoj@gmail.com, age=20, role=USER, salary=5000.0, dateOfJoining=2020-12-01, isActive=true), EmployeeDTO(id=154, name=Manoj, email=manoj@gmail.com, age=20, role=USER, salary=5000.0, dateOfJoining=2020-12-01, isActive=true), EmployeeDTO(id=155, name=Manoj, email=manoj@gmail.com, age=20, role=USER, salary=5000.0, dateOfJoining=2020-12-01, isActive=true), EmployeeDTO(id=156, name=Manoj, email=manoj@gmail.com, age=20, role=USER, salary=5000.0, dateOfJoining=2020-12-01, isActive=true), EmployeeDTO(id=157, name=Manoj, email=manoj@gmail.com, age=20, role=USER, salary=5000.0, dateOfJoining=2020-12-01, isActive=true), EmployeeDTO(id=158, name=Manoj, email=manoj@gmail.com, age=20, role=USER, salary=5000.0, dateOfJoining=2020-12-01, isActive=true), EmployeeDTO(id=159, name=Manoj, email=manoj@gmail.com, age=20, role=USER, salary=5000.0, dateOfJoining=2020-12-01, isActive=true), EmployeeDTO(id=160, name=Manoj, email=manoj@gmail.com, age=20, role=USER, salary=5000.0, dateOfJoining=2020-12-01, isActive=true), EmployeeDTO(id=161, name=Manoj, email=manoj@gmail.com, age=20, role=USER, salary=5000.0, dateOfJoining=2020-12-01, isActive=true)]
2024-08-04T21:59:13.417+05:30  INFO 1800 --- [Prod_ready_features] [SpringApplicationShutdownHook] j.LocalContainerEntityManagerFactoryBean : Closing JPA EntityManagerFactory for persistence unit 'default'
2024-08-04T21:59:13.420+05:30  INFO 1800 --- [Prod_ready_features] [SpringApplicationShutdownHook] com.zaxxer.hikari.HikariDataSource       : HikariPool-1 - Shutdown initiated...
2024-08-04T21:59:13.438+05:30  INFO 1800 --- [Prod_ready_features] [SpringApplicationShutdownHook] com.zaxxer.hikari.HikariDataSource       : HikariPool-1 - Shutdown completed.
